PLUMED:                                               Cycles        Total      Average      Minumum      Maximum
PLUMED:                                                    1     0.000634     0.000634     0.000634     0.000634
PLUMED: PLUMED is starting
PLUMED: Version: 2.6.0 (git: Unknown) compiled on Feb  5 2020 at 21:50:02
PLUMED: Please cite these papers when using PLUMED [1][2]
PLUMED: For further information see the PLUMED web page at http://www.plumed.org
PLUMED: Root: /home/toni/Apps/anaconda3/envs/acemd3/lib/plumed
PLUMED: For installed feature, see /home/toni/Apps/anaconda3/envs/acemd3/lib/plumed/src/config/config.txt
PLUMED: Molecular dynamics engine: OpenMM
PLUMED: Precision of reals: 8
PLUMED: Running over 1 node
PLUMED: Number of threads: 1
PLUMED: Cache line size: 512
PLUMED: Number of atoms: 22
PLUMED: File suffix: 
PLUMED: Timestep: 0.001000
PLUMED: KbT: 2.494353
PLUMED: Relevant bibliography:
PLUMED:   [1] The PLUMED consortium, Nat. Methods 16, 670 (2019)
PLUMED:   [2] Tribello, Bonomi, Branduardi, Camilloni, and Bussi, Comput. Phys. Commun. 185, 604 (2014)
PLUMED: Please read and cite where appropriate!
PLUMED: Finished setup
PLUMED: Action TORSION
PLUMED:   with label phi
PLUMED:   between atoms 13 15 17 1
PLUMED:   using periodic boundary conditions
PLUMED: Action TORSION
PLUMED:   with label psi
PLUMED:   between atoms 15 17 1 3
PLUMED:   using periodic boundary conditions
PLUMED: Action METAD
PLUMED:   with label bias
PLUMED:   with arguments phi psi
PLUMED:   added component to this action:  bias.bias 
PLUMED:   Binsize not specified, 1/5 of sigma will be be used
PLUMED:   Gaussian width  0.200000 0.200000  Gaussian height 0.410000
PLUMED:   Gaussian deposition pace 100
PLUMED:   Gaussian file HILLS
PLUMED:   Well-Tempered Bias Factor 10.000000
PLUMED:   Hills relaxation time (tau) 5.475377
PLUMED:   KbT 2.494339
PLUMED:   Grid min -pi -pi
PLUMED:   Grid max pi pi
PLUMED:   Grid bin 158 158
PLUMED:   Grid uses spline interpolation
PLUMED:   added component to this action:  bias.work 
PLUMED:   Bibliography [1][2]
PLUMED: Relevant bibliography:
PLUMED:   [1] Laio and Parrinello, PNAS 99, 12562 (2002)
PLUMED:   [2] Barducci, Bussi, and Parrinello, Phys. Rev. Lett. 100, 020603 (2008)
PLUMED: Please read and cite where appropriate!
PLUMED: Action PRINT
PLUMED:   with label @3
PLUMED:   with stride 100
PLUMED:   with arguments phi psi bias.bias bias.work
PLUMED:   on file colvar
PLUMED:   with format  %f
